\BOOKMARK [0][-]{chapter*.1}{Resumen}{}% 1
\BOOKMARK [0][-]{chapter*.2}{Abstract}{}% 2
\BOOKMARK [0][-]{chapter*.3}{Agradecimientos}{}% 3
\BOOKMARK [0][-]{chapter*.4}{Lista de figuras}{}% 4
\BOOKMARK [0][-]{chapter*.5}{Lista de tablas}{}% 5
\BOOKMARK [-1][-]{part.1}{I Introducci\363n}{}% 6
\BOOKMARK [0][-]{chapter.1}{Introducci\363n y Visi\363n General}{part.1}% 7
\BOOKMARK [1][-]{section.1.1}{La Localizaci\363n como una Necesidad}{chapter.1}% 8
\BOOKMARK [1][-]{section.1.2}{Objetivo}{chapter.1}% 9
\BOOKMARK [1][-]{section.1.3}{Estructura del Documento}{chapter.1}% 10
\BOOKMARK [-1][-]{part.2}{II Desarrollo}{}% 11
\BOOKMARK [0][-]{chapter.2}{Herramientas Utilizadas}{part.2}% 12
\BOOKMARK [1][-]{section.2.1}{Robot Operating System}{chapter.2}% 13
\BOOKMARK [2][-]{subsection.2.1.1}{Arquitectura de la Comunicaci\363n mediante ROS}{section.2.1}% 14
\BOOKMARK [2][-]{subsection.2.1.2}{\277Por qu\351 ROS?}{section.2.1}% 15
\BOOKMARK [1][-]{section.2.2}{Mapas de Ocupaci\363n}{chapter.2}% 16
\BOOKMARK [1][-]{section.2.3}{Sensores RGBD}{chapter.2}% 17
\BOOKMARK [2][-]{subsection.2.3.1}{Imagen de Profundidad}{section.2.3}% 18
\BOOKMARK [1][-]{section.2.4}{Nubes de Puntos}{chapter.2}% 19
\BOOKMARK [1][-]{section.2.5}{YOLO: You only look once}{chapter.2}% 20
\BOOKMARK [2][-]{subsection.2.5.1}{Redes Neuronales Convolucionales}{section.2.5}% 21
\BOOKMARK [1][-]{section.2.6}{Pandas y Matplotlib}{chapter.2}% 22
\BOOKMARK [0][-]{chapter.3}{Dise\361o e Implementaci\363n}{part.2}% 23
\BOOKMARK [1][-]{section.3.1}{Vista General del Sistema}{chapter.3}% 24
\BOOKMARK [1][-]{section.3.2}{Fuente de Datos}{chapter.3}% 25
\BOOKMARK [1][-]{section.3.3}{De Imagen de Profundidad a Barrido L\341ser}{chapter.3}% 26
\BOOKMARK [1][-]{section.3.4}{Generaci\363n del Mapa de Ocupaci\363n}{chapter.3}% 27
\BOOKMARK [1][-]{section.3.5}{Detecci\363n de Objetos}{chapter.3}% 28
\BOOKMARK [2][-]{subsection.3.5.1}{Descompresi\363n de la Imagen de Color}{section.3.5}% 29
\BOOKMARK [2][-]{subsection.3.5.2}{Ejecuci\363n de YOLO}{section.3.5}% 30
\BOOKMARK [1][-]{section.3.6}{Procesamiento de los Objetos Detectados mediante Archivos CSV}{chapter.3}% 31
\BOOKMARK [1][-]{section.3.7}{An\341lisis de los Objetos Detectados}{chapter.3}% 32
\BOOKMARK [0][-]{chapter.4}{Resultados Obtenidos}{part.2}% 33
\BOOKMARK [1][-]{section.4.1}{Mapa Generado a partir de la Imagen de Profundidad}{chapter.4}% 34
\BOOKMARK [2][-]{subsection.4.1.1}{Generaci\363n del L\341ser Artificial}{section.4.1}% 35
\BOOKMARK [2][-]{subsection.4.1.2}{Modificaci\363n de Par\341metros por Defecto}{section.4.1}% 36
\BOOKMARK [1][-]{section.4.2}{An\341lisis de la Fiabilidad de las Detecciones}{chapter.4}% 37
\BOOKMARK [-1][-]{part.3}{III Conclusiones}{}% 38
\BOOKMARK [0][-]{chapter.5}{Conclusiones, Propuestas y L\355neas Futuras}{part.3}% 39
\BOOKMARK [1][-]{section.5.1}{Conclusiones}{chapter.5}% 40
\BOOKMARK [1][-]{section.5.2}{Propuestas y L\355neas Futuras}{chapter.5}% 41
\BOOKMARK [-1][-]{part.4}{IV Ap\351ndices}{}% 42
\BOOKMARK [0][-]{appendix.Alph1}{Otras Herramientas Utilizadas}{part.4}% 43
\BOOKMARK [1][-]{section.Alph1.1}{Librer\355as y Paquetes}{appendix.Alph1}% 44
\BOOKMARK [2][-]{subsection.Alph1.1.1}{message\137filters}{section.Alph1.1}% 45
\BOOKMARK [2][-]{subsection.Alph1.1.2}{fstream}{section.Alph1.1}% 46
\BOOKMARK [2][-]{subsection.Alph1.1.3}{libfreenect}{section.Alph1.1}% 47
\BOOKMARK [1][-]{section.Alph1.2}{RVIZ}{appendix.Alph1}% 48
\BOOKMARK [1][-]{section.Alph1.3}{Google Colab}{appendix.Alph1}% 49
\BOOKMARK [1][-]{section.Alph1.4}{CUDA: Compute Unified Device Architecture}{appendix.Alph1}% 50
\BOOKMARK [1][-]{section.Alph1.5}{LaTex y TexMaker}{appendix.Alph1}% 51
\BOOKMARK [1][-]{section.Alph1.6}{Draw.io}{appendix.Alph1}% 52
